HTTP/1.1 200 OK
Date: Sun, 06 Jun 2021 09:05:26 GMT
Server: Apache/2.4.37 (centos) OpenSSL/1.1.1g mod_fcgid/2.3.9
X-Powered-By: PHP/7.2.24
Expires: Thu, 19 Nov 1981 08:52:00 GMT
Cache-Control: no-store, no-cache, must-revalidate
Pragma: no-cache
Set-Cookie: PHPSESSID=qos2ck4vq9sh7pdr921cqdvqnc; path=/
Keep-Alive: timeout=5, max=100
Connection: Keep-Alive
Transfer-Encoding: chunked
Content-Type: text/html; charset=GB18030

db1
<!DOCTYPE html PUBLIC "-//W3C//DTD XHTML 1.0 Transitional//EN" "http://www.w3.org/TR/xhtml1/DTD/xhtml1-transitional.dtd">
<html>
<head>
   <style type="text/css">
	input{
	    font-family: Tahoma, Verdana, Arial, sans-serif;
	}
   </style>
</head>

<body>
    
    <!最上面空两行>
    <table width="100%" height="50" >
        <tr><td></td></tr>
    </table>

    <!主框架 800*480>
    <table width="800" height="480" align="center"  border="0" cellpadding="0" cellspacing="0" style="background:url('images/background.gif') bottom">
	<tr>
    	<td height="55">
      	    <table width="100%" height="54" >
		<tr>
		<td width="100%" style="background:url('images/newlogo.gif') no-repeat top right" ></td>
		</tr>
	    </table>
	    <table width="100%" height="1" border="0" cellpadding="0" cellspacing="0">
		<tr>
		<td>
		</td>
		</tr>
	    </table>
	    <table width="100%" height="7" border="0" cellpadding="0" cellspacing="0" background="images/top-shadow.gif">
		<tr>
		<td>
		</td>
		</tr>
	    </table>
	</td>
	</tr>

  	<tr>
    	<td align="center" valign="top">
	    <table width="800">
		<tr>
		<td width="40" height="165" ></td>
		</tr>
		
		<tr>
		<table border=0 cellpadding=0 cellspacing=0>
		    <tr>
    		    <td width="240" height="24" align="center" valign="top" style="font-family:Verdana, Arial, Helvetica, sans-serif;font-size:16px;"><b> &nbsp&nbsp&nbsp&nbsp&nbsp&nbsp 用户登录</b></td>
		    </tr>

		    <tr>
		    <td width="10" height="20" ></td>
		    </tr>
   		
		    <!新建一个表单，因为需要按“登录”按钮>
   		    <form action="" method="post">
		        <tr>
		        <td  style="font-family:Verdana, Arial, Helvetica, sans-serif;">用户名：</td>
			<td><input type="text" name="username" size="18" value="" maxlength="7">
			</td>
			</tr>

			<!上下间隔10个像素>
			<tr>
			<td width="10" height="10" ></td>
			</tr>

			<tr>
			<td style="font-family:Verdana, Arial, Helvetica, sans-serif;">密&nbsp&nbsp&nbsp码：</td>
    			<td><input type="password" name="password" size="18" value="" maxlength="16" >
			</td>
			</tr>

			<!上下间隔10个像素>
			<tr>
			<td width="10" height="10" ></td>
			</tr>

			<!显示验证字符串>
		        <tr>
		        <td  style="font-family:Verdana, Arial, Helvetica, sans-serif;">验&nbsp&nbsp&nbsp证：</td>
			<td><input type="text" style="width: 72px;text-align:right;" size="18" value="41+41=" disabled>
			<input type="text" name="input_ans" style="width: 40px;text-align:left;" value="" maxlength="6" >
			<!一个隐藏按钮，用于记录验证公式的内容>
			<input type="hidden" name="auth_ask" value=41+41= >
			<!一个隐藏按钮，用于记录验证公式的值>
			<input type="hidden" name="auth_answer" value=82 >
			<!一个隐藏按钮，用于与onConfirmLogout交互>
			<!input type="hidden" id="confirm_logout" name="confirm_logout" value="123">
			</td>
			</tr>

			<td width="30" height="10" ></td>
			<td width="30" height="10" ></td>
			<td><input type="submit" name="login" value="登录"></td>
		    </form>
		</table>

		<tr>
		<td height="8" align="right" valign="top" style="font-family:Verdana, Arial, Helvetica, sans-serif;font-size:12px; color:#008000">&nbsp&nbsp&nbsp&nbsp&nbsp&nbsp&nbsp&nbsp&nbsp&nbsp&nbsp&nbsp</td>
		    <tr>
			<tr>
			<td height="10" align="right" valign="top" style="font-family:Verdana, Arial, Helvetica, sans-serif;font-size:12px;">VER：计网特别测试版</td>
			</tr>
		    </tr>
		</td>
		</tr>

<script type="text/javascript" language="javascript" src="./script.js"></script>

	    </table>
    </table>
</body>
</html>

0

