HTTP/1.1 200 OK
Date: Tue, 08 Jun 2021 04:24:15 GMT
Server: Apache/2.4.37 (centos) OpenSSL/1.1.1g mod_fcgid/2.3.9
X-Powered-By: PHP/7.2.24
Expires: Thu, 19 Nov 1981 08:52:00 GMT
Cache-Control: no-store, no-cache, must-revalidate
Pragma: no-cache
Refresh: 0;url=./lib/smain.php


  	<tr>
    	<td align="center" valign="top">
	    <table width="800">
		<tr>
		<td width="40" height="165" ></td>
		</tr>
		
		<tr>
		<table border=0 cellpadding=0 cellspacing=0>
		    <tr>
    		    <td width="240" height="24" align="center" valign="top" style="font-family:Verdana, Arial, Helvetica, sans-serif;font-size:16px;"><b> &nbsp&nbsp&nbsp&nbsp&nbsp&nbsp 用户登录</b></td>
		    </tr>

		    <tr>
		    <td width="10" height="20" ></td>
		    </tr>
   		
		    <!新建一个表单，因为需要按“登录”按钮>
   		    <form action="" method="post">
		        <tr>
		        <td  style="font-family:Verdana, Arial, Helvetica, sans-serif;">用户名：</td>
			<td><input type="text" name="username" size="18" value="1752240" maxlength="7">
			</td>
			</tr>

			<!上下间隔10个像素>
			<tr>
			<td width="10" height="10" ></td>
			</tr>

			<tr>
			<td style="font-family:Verdana, Arial, Helvetica, sans-serif;">密&nbsp&nbsp&nbsp码：</td>
    			<td><input type="password" name="password" size="18" value="TEMPpwd0606!" maxlength="16" >
			</td>
			</tr>

			<!上下间隔10个像素>
			<tr>
			<td width="10" height="10" ></td>
			</tr>

			<!显示验证字符串>
		        <tr>
		        <td  style="font-family:Verdana, Arial, Helvetica, sans-serif;">验&nbsp&nbsp&nbsp证：</td>
			<td><input type="text" style="width: 72px;text-align:right;" size="18" value="84+10=" disabled>
			<input type="text" name="input_ans" style="width: 40px;text-align:left;" value="" maxlength="6" >
			<!一个隐藏按钮，用于记录验证公式的内容>
			<input type="hidden" name="auth_ask" value=84+10= >
			<!一个隐藏按钮，用于记录验证公式的值>
			<input type="hidden" name="auth_answer" value=94 >
			<!一个隐藏按钮，用于与onConfirmLogout交互>
			<!input type="hidden" id="confirm_logout" name="confirm_logout" value="123">
			</td>
			</tr>

			<td width="30" height="10" ></td>
			<td width="30" height="10" ></td>
			<td><input type="submit" name="login" value="登录"></td>
		    </form>
		</table>

		<tr>
		<td height="8" align="right" valign="top" style="font-family:Verdana, Arial, Helvetica, sans-serif;font-size:12px; color:#008000">&nbsp&nbsp&nbsp&nbsp&nbsp&nbsp&nbsp&nbsp&nbsp&nbsp&nbsp&nbsp</td>
		    <tr>
			<tr>
			<td height="10" align="right" valign="top" style="font-family:Verdana, Arial, Helvetica, sans-serif;font-size:12px;">VER：计网特别测试版</td>
			</tr>
		    </tr>
		</td>
		</tr>

<script type="text/javascript" language="javascript" src="./script.js"></script>


0

