HTTP/1.1 200 OK
Date: Tue, 08 Jun 2021 04:24:15 GMT
Server: Apache/2.4.37 (centos) OpenSSL/1.1.1g mod_fcgid/2.3.9
X-Powered-By: PHP/7.2.24
Expires: Thu, 19 Nov 1981 08:52:00 GMT
Cache-Control: no-store, no-cache, must-revalidate
Pragma: no-cache
Keep-Alive: timeout=5, max=100
Connection: Keep-Alive
Transfer-Encoding: chunked
Content-Type: text/html; charset=GB18030

1699
<script type="text/javascript" language="javascript" src="./script.js"></script>

<script type="text/javascript" language="javascript" src="./script.js"></script>


<div style="width:100% auto; border:1px">
    <div id="top" style="width:100%; height:50px;">
	<table align="left" width="100%" border="2" cellpadding="0" cellspacing="0"><caption align="center">开课年级:2018&nbsp&nbsp&nbsp学期:2020/2021/2&nbsp&nbsp&nbsp课号:10106202&nbsp&nbsp&nbsp学号:1752240&nbsp&nbsp&nbsp姓名:周云帅&nbsp&nbsp&nbsp性别:男&nbsp&nbsp&nbsp班级:计算机科学与技术(四)/计科&nbsp&nbsp&nbspIP:192.168.1.246&nbsp&nbsp&nbsp登录:2021-06-08 12:24:15</caption></table>    </div>

    <div id="middle" style="height:500px; width:100%">
	<div id="left" style="width:15%; height:500px; float:left;">
	<table align="left" width="85%" border="0" cellpadding="0" cellspacing="0"><left><ul id="leftmenu"><br><br>作业提交<li><a href="./smain.php?action=第0章">第0章/3/6</a></li><li><a href="./smain.php?action=cscore">当前成绩</a></li><br><br>其它：<li><a href="./smain.php?action=sloginfo">提交日志</a></li><li><a href="./smain.php?action=loginfo">登录日志</a></li><li><a href="./smain.php?action=changepwd">修改密码</a></li><li><a href=../logout.php>退出</a></li></ul></left></table>	</div>

	<div id="main" style="width:80%; height:500px; float:left"><form id="main" method="post" action="" enctype="multipart/form-data"><table align="center" width="100%" border="5" cellpadding="0" cellspacing="0"><tr><th>序号</th><th>章</th><th>作业名称</th><th>描述</th><th>本题分数</th><th>截止时间</th><th>提交时间</th><th>得分率</th><th>源文件</th></tr>第0章目前已布置的作业共[6]题，已提交[3]题，其中[0]题已达最大提交次数<br><tr><td>1</td><td>0</td><td>test1.tar.bz2</td><td>测试文件1</td><td>5.0</td><td>2021-06-09 23:59:59</td><td><select name="date" align="left" width="200"><option value="date1" selected disabled>尚未提交&nbsp&nbsp&nbsp&nbsp&nbsp&nbsp&nbsp&nbsp</option></select></td><td>0%</td><td><input type="hidden" name="MAX_FILE_SIZE1" value=65536 /><input type="file" id="browse1" name="upfile1" onchange="onChange(1, 1, 6, 'test1.tar.bz2', 1)" /></td></tr><tr><td>2</td><td>0</td><td>test2.pdf</td><td>测试文件2</td><td>5.0</td><td>2021-06-09 23:59:59</td><td><select name="date" align="left" width="200"><option value="date1" selected disabled>第1次&nbsp-58:12:12&nbsp</option></select></td><td>100%</td><td><input type="hidden" name="MAX_FILE_SIZE2" value=65536 /><input type="file" id="browse2" name="upfile2" onchange="onChange(2, 1, 6, 'test2.pdf', 1)" /></td></tr><tr><td>3</td><td>0</td><td>test3.pdf</td><td>测试文件3</td><td>5.0</td><td>2021-06-09 23:59:59</td><td><select name="date" align="left" width="200"><option value="date1" selected disabled>尚未提交&nbsp&nbsp&nbsp&nbsp&nbsp&nbsp&nbsp&nbsp</option></select></td><td>0%</td><td><input type="hidden" name="MAX_FILE_SIZE3" value=65536 /><input type="file" id="browse3" name="upfile3" onchange="onChange(3, 1, 6, 'test3.pdf', 1)" /></td></tr><tr><td>4</td><td>0</td><td>test4.cpp</td><td>测试文件4</td><td>5.0</td><td>2021-06-09 23:59:59</td><td><select name="date" align="left" width="200"><option value="date2" selected disabled>第2次&nbsp-35:35:59&nbsp</option><option value="date1" disabled>第1次&nbsp-58:12:12&nbsp</option></select></td><td>100%</td><td><input type="hidden" name="MAX_FILE_SIZE4" value=65536 /><input type="file" id="browse4" name="upfile4" onchange="onChange(4, 1, 6, 'test4.cpp', 1)" /></td></tr><tr><td>5</td><td>0</td><td>test5-rpm_service.tar.bz2</td><td>测试文件5</td><td>5.0</td><td>2021-06-09 23:59:59</td><td><select name="date" align="left" width="200"><option value="date1" selected disabled>第1次&nbsp-58:12:12&nbsp</option></select></td><td>100%</td><td><input type="hidden" name="MAX_FILE_SIZE5" value=65536 /><input type="file" id="browse5" name="upfile5" onchange="onChange(5, 1, 6, 'test5-rpm_service.tar.bz2', 1)" /></td></tr><tr><td>6</td><td>0<